{"C:\\Users\\ViridianFairy\\Documents\\GitHub\\InfectStatistic-main\\061700150\\src\\add.test.js":{"path":"C:\\Users\\ViridianFairy\\Documents\\GitHub\\InfectStatistic-main\\061700150\\src\\add.test.js","s":{"1":1,"2":0,"3":0,"4":0,"5":0,"6":0,"7":0,"8":0,"9":0,"10":0,"11":0,"12":0,"13":0,"14":0,"15":0},"b":{},"f":{"1":0,"2":0,"3":0,"4":0,"5":0,"6":0},"fnMap":{"1":{"name":"(anonymous_1)","line":5,"loc":{"start":{"line":5,"column":13},"end":{"line":5,"column":24}}},"2":{"name":"(anonymous_2)","line":11,"loc":{"start":{"line":11,"column":13},"end":{"line":11,"column":24}}},"3":{"name":"(anonymous_3)","line":17,"loc":{"start":{"line":17,"column":13},"end":{"line":17,"column":24}}},"4":{"name":"(anonymous_4)","line":23,"loc":{"start":{"line":23,"column":17},"end":{"line":23,"column":28}}},"5":{"name":"(anonymous_5)","line":29,"loc":{"start":{"line":29,"column":21},"end":{"line":29,"column":32}}},"6":{"name":"(anonymous_6)","line":33,"loc":{"start":{"line":33,"column":12},"end":{"line":33,"column":23}}}},"statementMap":{"1":{"start":{"line":1,"column":0},"end":{"line":1,"column":32}},"2":{"start":{"line":2,"column":0},"end":{"line":2,"column":37}},"3":{"start":{"line":3,"column":0},"end":{"line":3,"column":44}},"4":{"start":{"line":5,"column":3},"end":{"line":10,"column":5}},"5":{"start":{"line":6,"column":6},"end":{"line":9,"column":37}},"6":{"start":{"line":11,"column":3},"end":{"line":16,"column":5}},"7":{"start":{"line":12,"column":6},"end":{"line":15,"column":38}},"8":{"start":{"line":17,"column":3},"end":{"line":22,"column":5}},"9":{"start":{"line":18,"column":6},"end":{"line":21,"column":41}},"10":{"start":{"line":23,"column":3},"end":{"line":28,"column":5}},"11":{"start":{"line":24,"column":6},"end":{"line":27,"column":20}},"12":{"start":{"line":29,"column":3},"end":{"line":32,"column":5}},"13":{"start":{"line":30,"column":6},"end":{"line":31,"column":48}},"14":{"start":{"line":33,"column":3},"end":{"line":36,"column":5}},"15":{"start":{"line":34,"column":6},"end":{"line":35,"column":33}}},"branchMap":{}}}